d:\crossapp\projects\im\proj.win32\debug.win32\vc120.pdb
d:\crossapp\projects\im\proj.win32\debug.win32\vc120.idb
d:\crossapp\projects\im\proj.win32\debug.win32\appdelegate.obj
d:\crossapp\projects\im\proj.win32\debug.win32\firstviewcontroller.obj
d:\crossapp\projects\im\proj.win32\debug.win32\hxsdkcontroller.obj
d:\crossapp\projects\im\proj.win32\debug.win32\imloginregister.obj
d:\crossapp\projects\im\proj.win32\debug.win32\immycontroller.obj
d:\crossapp\projects\im\proj.win32\debug.win32\immyinfo.obj
d:\crossapp\projects\im\proj.win32\debug.win32\imtablecell.obj
d:\crossapp\projects\im\proj.win32\debug.win32\rootwindow.obj
d:\crossapp\projects\im\proj.win32\debug.win32\secondviewcontroller.obj
d:\crossapp\projects\im\proj.win32\debug.win32\thirdviewcontroller.obj
d:\crossapp\projects\im\proj.win32\debug.win32\main.obj
d:\crossapp\projects\im\proj.win32\debug.win32\com_crossapp_im_im.obj
e:\crossapp\projects\im\proj.win32\debug.win32\vc120.pdb
e:\crossapp\projects\im\proj.win32\debug.win32\vc120.idb
e:\crossapp\projects\im\proj.win32\debug.win32\appdelegate.obj
e:\crossapp\projects\im\proj.win32\debug.win32\firstviewcontroller.obj
e:\crossapp\projects\im\proj.win32\debug.win32\hxsdkcontroller.obj
e:\crossapp\projects\im\proj.win32\debug.win32\imloginregister.obj
e:\crossapp\projects\im\proj.win32\debug.win32\immycontroller.obj
e:\crossapp\projects\im\proj.win32\debug.win32\immyinfo.obj
e:\crossapp\projects\im\proj.win32\debug.win32\imtablecell.obj
e:\crossapp\projects\im\proj.win32\debug.win32\rootwindow.obj
e:\crossapp\projects\im\proj.win32\debug.win32\secondviewcontroller.obj
e:\crossapp\projects\im\proj.win32\debug.win32\thirdviewcontroller.obj
e:\crossapp\projects\im\proj.win32\debug.win32\main.obj
d:\crossapp\projects\im\proj.win32\debug.win32\im.ilk
d:\crossapp\projects\im\proj.win32\debug.win32\im.exe
d:\crossapp\projects\im\proj.win32\debug.win32\im.pdb
e:\crossapp\projects\im\proj.win32\debug.win32\im.ilk
e:\crossapp\projects\im\proj.win32\debug.win32\libcocosdenshion.exp
e:\crossapp\projects\im\proj.win32\debug.win32\libcrossapp.exp
e:\crossapp\projects\im\proj.win32\debug.win32\im.pdb
e:\crossapp\projects\im\proj.win32\debug.win32\libcocosdenshion.pdb
e:\crossapp\projects\im\proj.win32\debug.win32\libcrossapp.pdb
e:\crossapp\projects\im\proj.win32\debug.win32\im.exe
e:\crossapp\projects\im\proj.win32\debug.win32\im.tlog\cl.command.1.tlog
e:\crossapp\projects\im\proj.win32\debug.win32\im.tlog\cl.read.1.tlog
e:\crossapp\projects\im\proj.win32\debug.win32\im.tlog\cl.write.1.tlog
e:\crossapp\projects\im\proj.win32\debug.win32\im.tlog\link.command.1.tlog
e:\crossapp\projects\im\proj.win32\debug.win32\im.tlog\link.read.1.tlog
e:\crossapp\projects\im\proj.win32\debug.win32\im.tlog\link.write.1.tlog
